<?xml version="1.0" encoding="UTF-8"?>
<testsuite name="org.baeldung.DemoApplicationTests" tests="1" skipped="0" failures="0" errors="0" timestamp="2019-10-23T06:48:20" hostname="BLRKEC350343D" time="0.087">
  <properties/>
  <testcase name="contextLoads" classname="org.baeldung.DemoApplicationTests" time="0.087"/>
  <system-out><![CDATA[12:18:18.872 [Test worker] INFO  o.s.b.t.c.SpringBootTestContextBootstrapper - Neither @ContextConfiguration nor @ContextHierarchy found for test class [org.baeldung.DemoApplicationTests], using SpringBootContextLoader
12:18:18.881 [Test worker] INFO  o.s.t.c.s.AbstractContextLoader - Could not detect default resource locations for test class [org.baeldung.DemoApplicationTests]: no resource found for suffixes {-context.xml, Context.groovy}.
12:18:18.882 [Test worker] INFO  o.s.t.c.s.AnnotationConfigContextLoaderUtils - Could not detect default configuration classes for test class [org.baeldung.DemoApplicationTests]: DemoApplicationTests does not declare any static, non-private, non-final, nested classes annotated with @Configuration.
12:18:19.129 [Test worker] INFO  o.s.b.t.c.SpringBootTestContextBootstrapper - Found @SpringBootConfiguration org.baeldung.DemoApplication for test class org.baeldung.DemoApplicationTests
12:18:19.376 [Test worker] INFO  o.s.b.t.c.SpringBootTestContextBootstrapper - Loaded default TestExecutionListener class names from location [META-INF/spring.factories]: [org.springframework.boot.test.autoconfigure.restdocs.RestDocsTestExecutionListener, org.springframework.boot.test.autoconfigure.web.client.MockRestServiceServerResetTestExecutionListener, org.springframework.boot.test.autoconfigure.web.servlet.MockMvcPrintOnlyOnFailureTestExecutionListener, org.springframework.boot.test.autoconfigure.web.servlet.WebDriverTestExecutionListener, org.springframework.boot.test.mock.mockito.MockitoTestExecutionListener, org.springframework.boot.test.mock.mockito.ResetMocksTestExecutionListener, org.springframework.test.context.web.ServletTestExecutionListener, org.springframework.test.context.support.DirtiesContextBeforeModesTestExecutionListener, org.springframework.test.context.support.DependencyInjectionTestExecutionListener, org.springframework.test.context.support.DirtiesContextTestExecutionListener, org.springframework.test.context.transaction.TransactionalTestExecutionListener, org.springframework.test.context.jdbc.SqlScriptsTestExecutionListener]
12:18:19.410 [Test worker] INFO  o.s.b.t.c.SpringBootTestContextBootstrapper - Using TestExecutionListeners: [org.springframework.test.context.support.DirtiesContextBeforeModesTestExecutionListener@5dcf08de, org.springframework.boot.test.mock.mockito.MockitoTestExecutionListener@d915028, org.springframework.boot.test.autoconfigure.SpringBootDependencyInjectionTestExecutionListener@ea06631b, org.springframework.test.context.support.DirtiesContextTestExecutionListener@204417e2, org.springframework.boot.test.autoconfigure.restdocs.RestDocsTestExecutionListener@fc86d9bb, org.springframework.boot.test.autoconfigure.web.client.MockRestServiceServerResetTestExecutionListener@d4d6cb7d, org.springframework.boot.test.autoconfigure.web.servlet.MockMvcPrintOnlyOnFailureTestExecutionListener@5f092231, org.springframework.boot.test.autoconfigure.web.servlet.WebDriverTestExecutionListener@a8938f11, org.springframework.boot.test.mock.mockito.ResetMocksTestExecutionListener@8aab21dd]

  .   ____          _            __ _ _
 /\\ / ___'_ __ _ _(_)_ __  __ _ \ \ \ \
( ( )\___ | '_ | '_| | '_ \/ _` | \ \ \ \
 \\/  ___)| |_)| | | | | || (_| |  ) ) ) )
  '  |____| .__|_| |_|_| |_\__, | / / / /
 =========|_|==============|___/=/_/_/_/
 :: Spring Boot ::        (v2.0.2.RELEASE)

12:18:19.821 [Test worker] INFO  org.baeldung.DemoApplicationTests - Starting DemoApplicationTests on BLRKEC350343D with PID 2156 (started by chandrasekhar.m15 in C:\Users\chandrasekhar.m15\Desktop\spring-boot-gradle-master)
12:18:19.822 [Test worker] INFO  org.baeldung.DemoApplicationTests - No active profile set, falling back to default profiles: default
12:18:19.854 [Test worker] INFO  o.s.c.a.AnnotationConfigApplicationContext - Refreshing org.springframework.context.annotation.AnnotationConfigApplicationContext@e578839: startup date [Wed Oct 23 12:18:19 IST 2019]; root of context hierarchy
12:18:20.496 [Test worker] INFO  org.baeldung.DemoApplicationTests - Started DemoApplicationTests in 1.031 seconds (JVM running for 2.742)
]]></system-out>
  <system-err><![CDATA[]]></system-err>
</testsuite>
