<?xml version="1.0" encoding="UTF-8"?>
<testsuite name="org.baeldung.DemoApplicationTests" tests="1" skipped="0" failures="0" errors="0" timestamp="2019-10-11T10:10:52" hostname="BLRKEC402696D" time="0.975">
  <properties/>
  <testcase name="contextLoads" classname="org.baeldung.DemoApplicationTests" time="0.975"/>
  <system-out><![CDATA[15:40:48.684 [Test worker] INFO  o.s.b.t.c.SpringBootTestContextBootstrapper - Neither @ContextConfiguration nor @ContextHierarchy found for test class [org.baeldung.DemoApplicationTests], using SpringBootContextLoader
15:40:48.699 [Test worker] INFO  o.s.t.c.s.AbstractContextLoader - Could not detect default resource locations for test class [org.baeldung.DemoApplicationTests]: no resource found for suffixes {-context.xml, Context.groovy}.
15:40:48.699 [Test worker] INFO  o.s.t.c.s.AnnotationConfigContextLoaderUtils - Could not detect default configuration classes for test class [org.baeldung.DemoApplicationTests]: DemoApplicationTests does not declare any static, non-private, non-final, nested classes annotated with @Configuration.
15:40:49.168 [Test worker] INFO  o.s.b.t.c.SpringBootTestContextBootstrapper - Found @SpringBootConfiguration org.baeldung.DemoApplication for test class org.baeldung.DemoApplicationTests
15:40:49.496 [Test worker] INFO  o.s.b.t.c.SpringBootTestContextBootstrapper - Loaded default TestExecutionListener class names from location [META-INF/spring.factories]: [org.springframework.boot.test.autoconfigure.restdocs.RestDocsTestExecutionListener, org.springframework.boot.test.autoconfigure.web.client.MockRestServiceServerResetTestExecutionListener, org.springframework.boot.test.autoconfigure.web.servlet.MockMvcPrintOnlyOnFailureTestExecutionListener, org.springframework.boot.test.autoconfigure.web.servlet.WebDriverTestExecutionListener, org.springframework.boot.test.mock.mockito.MockitoTestExecutionListener, org.springframework.boot.test.mock.mockito.ResetMocksTestExecutionListener, org.springframework.test.context.web.ServletTestExecutionListener, org.springframework.test.context.support.DirtiesContextBeforeModesTestExecutionListener, org.springframework.test.context.support.DependencyInjectionTestExecutionListener, org.springframework.test.context.support.DirtiesContextTestExecutionListener, org.springframework.test.context.transaction.TransactionalTestExecutionListener, org.springframework.test.context.jdbc.SqlScriptsTestExecutionListener]
15:40:49.543 [Test worker] INFO  o.s.b.t.c.SpringBootTestContextBootstrapper - Using TestExecutionListeners: [org.springframework.test.context.support.DirtiesContextBeforeModesTestExecutionListener@17c06b7, org.springframework.boot.test.mock.mockito.MockitoTestExecutionListener@37bf900d, org.springframework.boot.test.autoconfigure.SpringBootDependencyInjectionTestExecutionListener@58829996, org.springframework.test.context.support.DirtiesContextTestExecutionListener@836583e, org.springframework.boot.test.autoconfigure.restdocs.RestDocsTestExecutionListener@699eae31, org.springframework.boot.test.autoconfigure.web.client.MockRestServiceServerResetTestExecutionListener@226a74f7, org.springframework.boot.test.autoconfigure.web.servlet.MockMvcPrintOnlyOnFailureTestExecutionListener@6ee81705, org.springframework.boot.test.autoconfigure.web.servlet.WebDriverTestExecutionListener@54a5554e, org.springframework.boot.test.mock.mockito.ResetMocksTestExecutionListener@485696cd]

  .   ____          _            __ _ _
 /\\ / ___'_ __ _ _(_)_ __  __ _ \ \ \ \
( ( )\___ | '_ | '_| | '_ \/ _` | \ \ \ \
 \\/  ___)| |_)| | | | | || (_| |  ) ) ) )
  '  |____| .__|_| |_|_| |_\__, | / / / /
 =========|_|==============|___/=/_/_/_/
 :: Spring Boot ::        (v2.0.2.RELEASE)

15:40:50.496 [Test worker] INFO  org.baeldung.DemoApplicationTests - Starting DemoApplicationTests on BLRKEC402696D with PID 14420 (started by gaurav.verma01 in D:\git\spring-boot-gradle)
15:40:50.496 [Test worker] INFO  org.baeldung.DemoApplicationTests - No active profile set, falling back to default profiles: default
15:40:50.559 [Test worker] INFO  o.s.c.a.AnnotationConfigApplicationContext - Refreshing org.springframework.context.annotation.AnnotationConfigApplicationContext@36087a38: startup date [Fri Oct 11 15:40:50 IST 2019]; root of context hierarchy
15:40:52.074 [Test worker] INFO  org.baeldung.DemoApplicationTests - Started DemoApplicationTests in 2.406 seconds (JVM running for 5.422)
]]></system-out>
  <system-err><![CDATA[]]></system-err>
</testsuite>
