<?xml version="1.0" encoding="UTF-8"?>
<testsuite name="org.baeldung.DemoApplicationTests" tests="1" skipped="0" failures="0" errors="0" timestamp="2019-10-11T11:22:00" hostname="BLRKEC402696D" time="0.175">
  <properties/>
  <testcase name="contextLoads" classname="org.baeldung.DemoApplicationTests" time="0.175"/>
  <system-out><![CDATA[16:51:57.484 [Test worker] INFO  o.s.b.t.c.SpringBootTestContextBootstrapper - Neither @ContextConfiguration nor @ContextHierarchy found for test class [org.baeldung.DemoApplicationTests], using SpringBootContextLoader
16:51:57.515 [Test worker] INFO  o.s.t.c.s.AbstractContextLoader - Could not detect default resource locations for test class [org.baeldung.DemoApplicationTests]: no resource found for suffixes {-context.xml, Context.groovy}.
16:51:57.515 [Test worker] INFO  o.s.t.c.s.AnnotationConfigContextLoaderUtils - Could not detect default configuration classes for test class [org.baeldung.DemoApplicationTests]: DemoApplicationTests does not declare any static, non-private, non-final, nested classes annotated with @Configuration.
16:51:57.922 [Test worker] INFO  o.s.b.t.c.SpringBootTestContextBootstrapper - Found @SpringBootConfiguration org.baeldung.DemoApplication for test class org.baeldung.DemoApplicationTests
16:51:58.312 [Test worker] INFO  o.s.b.t.c.SpringBootTestContextBootstrapper - Loaded default TestExecutionListener class names from location [META-INF/spring.factories]: [org.springframework.boot.test.autoconfigure.restdocs.RestDocsTestExecutionListener, org.springframework.boot.test.autoconfigure.web.client.MockRestServiceServerResetTestExecutionListener, org.springframework.boot.test.autoconfigure.web.servlet.MockMvcPrintOnlyOnFailureTestExecutionListener, org.springframework.boot.test.autoconfigure.web.servlet.WebDriverTestExecutionListener, org.springframework.boot.test.mock.mockito.MockitoTestExecutionListener, org.springframework.boot.test.mock.mockito.ResetMocksTestExecutionListener, org.springframework.test.context.web.ServletTestExecutionListener, org.springframework.test.context.support.DirtiesContextBeforeModesTestExecutionListener, org.springframework.test.context.support.DependencyInjectionTestExecutionListener, org.springframework.test.context.support.DirtiesContextTestExecutionListener, org.springframework.test.context.transaction.TransactionalTestExecutionListener, org.springframework.test.context.jdbc.SqlScriptsTestExecutionListener]
16:51:58.344 [Test worker] INFO  o.s.b.t.c.SpringBootTestContextBootstrapper - Using TestExecutionListeners: [org.springframework.test.context.support.DirtiesContextBeforeModesTestExecutionListener@23fe0b5a, org.springframework.boot.test.mock.mockito.MockitoTestExecutionListener@f60202a, org.springframework.boot.test.autoconfigure.SpringBootDependencyInjectionTestExecutionListener@761ca3a7, org.springframework.test.context.support.DirtiesContextTestExecutionListener@14c834a2, org.springframework.boot.test.autoconfigure.restdocs.RestDocsTestExecutionListener@47bf49ba, org.springframework.boot.test.autoconfigure.web.client.MockRestServiceServerResetTestExecutionListener@49504017, org.springframework.boot.test.autoconfigure.web.servlet.MockMvcPrintOnlyOnFailureTestExecutionListener@5ac2d301, org.springframework.boot.test.autoconfigure.web.servlet.WebDriverTestExecutionListener@ffa81df, org.springframework.boot.test.mock.mockito.ResetMocksTestExecutionListener@3235fb03]

  .   ____          _            __ _ _
 /\\ / ___'_ __ _ _(_)_ __  __ _ \ \ \ \
( ( )\___ | '_ | '_| | '_ \/ _` | \ \ \ \
 \\/  ___)| |_)| | | | | || (_| |  ) ) ) )
  '  |____| .__|_| |_|_| |_\__, | / / / /
 =========|_|==============|___/=/_/_/_/
 :: Spring Boot ::        (v2.0.2.RELEASE)

16:51:58.931 [Test worker] INFO  org.baeldung.DemoApplicationTests - Starting DemoApplicationTests on BLRKEC402696D with PID 15124 (started by gaurav.verma01 in D:\git\spring-boot-gradle)
16:51:58.931 [Test worker] INFO  org.baeldung.DemoApplicationTests - No active profile set, falling back to default profiles: default
16:51:58.978 [Test worker] INFO  o.s.c.a.AnnotationConfigApplicationContext - Refreshing org.springframework.context.annotation.AnnotationConfigApplicationContext@29a1ec78: startup date [Fri Oct 11 16:51:58 IST 2019]; root of context hierarchy
16:52:00.322 [Test worker] INFO  org.baeldung.DemoApplicationTests - Started DemoApplicationTests in 1.869 seconds (JVM running for 4.841)
]]></system-out>
  <system-err><![CDATA[]]></system-err>
</testsuite>
