<?xml version="1.0" encoding="UTF-8"?>
<testsuite name="org.baeldung.implsTest.SampleImplTest" tests="2" skipped="0" failures="0" errors="0" timestamp="2019-10-11T11:22:00" hostname="BLRKEC402696D" time="0.004">
  <properties/>
  <testcase name="saveDataTest" classname="org.baeldung.implsTest.SampleImplTest" time="0.001"/>
  <testcase name="printDataTest" classname="org.baeldung.implsTest.SampleImplTest" time="0.002"/>
  <system-out><![CDATA[RANDOM_VAL
]]></system-out>
  <system-err><![CDATA[]]></system-err>
</testsuite>
